[sites.google.com/view/kamranjaved/index.html]
[backblue.gif]
[fade.gif]
[index.html]
[ssl.gstatic.com/atari/images/vision-header.jpg]
[apis.google.com/js/clientc932.js]
[sites.google.com/view/kamranjaved/home.html]
[sites.google.com/view/kamranjaved/news.html]
[sites.google.com/view/kamranjaved/research.html]
[sites.google.com/view/kamranjaved/publications.html]
[sites.google.com/view/kamranjaved/experiences.html]
[sites.google.com/view/kamranjaved/gallery.html]
[sites.google.com/view/kamranjaved/index.html]
[sites.google.com/view/kamranjaved/home.html]
[sites.google.com/view/kamranjaved/news.html]
[sites.google.com/view/kamranjaved/research.html]
[sites.google.com/view/kamranjaved/publications.html]
[sites.google.com/view/kamranjaved/experiences.html]
[sites.google.com/view/kamranjaved/gallery.html]
[sites.google.com/view/kamranjaved/about.html]
[sites.google.com/view/kamranjaved/about.html]
